


materialPath: C:\Steam\steamapps\common\Team Fortress 2\tf\materials
Loading D:\Projects\maps\TF2-Maps\cp_centered\cp_centered.vmf
fixing up env_cubemap materials on brush sides...
0...1...2...3...4...5...6...7...8...9...100...1...2...3...4...5...6...7...8...9...10Processing areas...done (0)
Building Faces...done (0)
FixTjuncs...
PruneNodes...
WriteBSP...
done (0)
writing D:\Projects\maps\TF2-Maps\cp_centered\cp_centered.prt...Building visibility clusters...
done (0)
*** Error: Skybox vtf files for skybox/sky_tf2_04 weren't compiled with the same size texture and/or same flags!
Can't load skybox file skybox/sky_tf2_04 to build the default cubemap!
*** Error: Skybox vtf files for skybox/sky_tf2_04 weren't compiled with the same size texture and/or same flags!
Can't load skybox file skybox/sky_tf2_04 to build the default cubemap!
Finding displacement neighbors...
Finding lightmap sample positions...
Displacement Alpha : 0...1...2...3...4...5...6...7...8...9...10
Building Physics collision data...
done (0) (2951 bytes)
Placing detail props : 0...1...2...3...4...5...6...7...8...9...10
Compacting texture/material tables...
Reduced 8 texinfos to 4
Reduced 2 texdatas to 2 (45 bytes to 45)
Writing D:\Projects\maps\TF2-Maps\cp_centered\cp_centered.bsp
MSG_FILEWRITE - Filesystem was asked to write to 'D:\Projects\maps\TF2-Maps\cp_centered\cp_centered.bsp', but we don't own that location. Allowing.
ZIP Output overshot buffer estimate: Estimated 0, actual 54
0 seconds elapsed



16 threads
reading d:\projects\maps\tf2-maps\cp_centered\cp_centered.bsp
reading d:\projects\maps\tf2-maps\cp_centered\cp_centered.prt
  16 portalclusters
  27 numportals
0...1...2...3...4...5...6...7...8...9...100...1...2...3...4...5...6...7...8...9...10Optimized: 0 visible clusters (0.00%)
Total clusters visible: 224
Average clusters visible: 14
Building PAS...
Average clusters audible: 16
visdatasize:196  compressed from 256
writing d:\projects\maps\tf2-maps\cp_centered\cp_centered.bsp
MSG_FILEWRITE - Filesystem was asked to write to 'd:\projects\maps\tf2-maps\cp_centered\cp_centered.bsp', but we don't own that location. Allowing.
ZIP Output overshot buffer estimate: Estimated 0, actual 54
0 seconds elapsed



[Reading texlights from 'lights.rad']
[56 texlights parsed from 'lights.rad']

Loading d:\projects\maps\tf2-maps\cp_centered\cp_centered.bsp
130 faces
151836 square feet [21864448.00 square inches]
0 Displacements
0 Square Feet [0.00 Square Inches]
130 patches before subdivision
4982 patches after subdivision
0 direct lights
0...1...2...3...4...5...6...7...8...9...100...1...2...3...4...5...6...7...8...9...10transfers 6427, max 252
transfer lists:   0.0 megs
0...1...2...3...4...5...6...7...8...9...10	Bounce #1 added RGB(0, 0, 0)
Build Patch/Sample Hash Table(s).....Done<0.0011 sec>
0...1...2...3...4...5...6...7...8...9...10FinalLightFace Done
0 of 0 (0% of) surface lights went in leaf ambient cubes.
0...1...2...3...4...5...6...7...8...9...10Writing leaf ambient...done
Ready to Finish

Object names       Objects/Maxobjs  Memory / Maxmem  Fullness 
------------       ---------------  ---------------  -------- 
models                   1/1024           48/49152    ( 0.1%) 
brushes                  7/8192           84/98304    ( 0.1%) 
brushsides              42/65536         336/524288   ( 0.1%) 
planes                  62/65536        1240/1310720  ( 0.1%) 
vertexes               179/65536        2148/786432   ( 0.3%) 
nodes                   67/65536        2144/2097152  ( 0.1%) 
texinfos                 4/12288         288/884736   ( 0.0%) 
texdata                  2/2048           64/65536    ( 0.1%) 
dispinfos                0/0               0/0        ( 0.0%) 
disp_verts               0/0               0/0        ( 0.0%) 
disp_tris                0/0               0/0        ( 0.0%) 
disp_lmsamples           0/0               0/0        ( 0.0%) 
faces                  130/65536        7280/3670016  ( 0.2%) 
hdr faces                0/65536           0/3670016  ( 0.0%) 
origfaces               11/65536         616/3670016  ( 0.0%) 
leaves                  69/65536        2208/2097152  ( 0.1%) 
leaffaces              130/65536         260/131072   ( 0.2%) 
leafbrushes             51/65536         102/131072   ( 0.1%) 
areas                    2/256            16/2048     ( 0.8%) 
surfedges              608/512000       2432/2048000  ( 0.1%) 
edges                  319/256000       1276/1024000  ( 0.1%) 
LDR worldlights          0/8192            0/720896   ( 0.0%) 
HDR worldlights          0/8192            0/720896   ( 0.0%) 
leafwaterdata            0/32768           0/393216   ( 0.0%) 
waterstrips              8/32768          80/327680   ( 0.0%) 
waterverts               0/65536           0/786432   ( 0.0%) 
waterindices            96/65536         192/131072   ( 0.1%) 
cubemapsamples           0/1024            0/16384    ( 0.0%) 
overlays                 0/512             0/180224   ( 0.0%) 
LDR lightdata         [variable]      607112/0        ( 0.0%) 
HDR lightdata         [variable]           0/0        ( 0.0%) 
visdata               [variable]         196/16777216 ( 0.0%) 
entdata               [variable]        1333/393216   ( 0.3%) 
LDR ambient table       69/65536         276/262144   ( 0.1%) 
HDR ambient table       69/65536         276/262144   ( 0.1%) 
LDR leaf ambient        16/65536         448/1835008  ( 0.0%) 
HDR leaf ambient        69/65536        1932/1835008  ( 0.1%) 
occluders                0/0               0/0        ( 0.0%) 
occluder polygons        0/0               0/0        ( 0.0%) 
occluder vert ind        0/0               0/0        ( 0.0%) 
detail props          [variable]           1/12       ( 8.3%) 
static props          [variable]           1/12       ( 8.3%) 
pakfile               [variable]          54/0        ( 0.0%) 
physics               [variable]        2951/4194304  ( 0.1%) 
physics terrain       [variable]           2/1048576  ( 0.0%) 

Level flags = 0

Total triangle count: 304
Writing d:\projects\maps\tf2-maps\cp_centered\cp_centered.bsp
ZIP Output overshot buffer estimate: Estimated 0, actual 54
0 seconds elapsed



materialPath: C:\Steam\steamapps\common\Team Fortress 2\tf\materials
Loading D:\Projects\maps\TF2-Maps\cp_centered\cp_centered.vmf
fixing up env_cubemap materials on brush sides...
0...1...2...3...4...5...6...7...8...9...100...1...2...3...4...5...6...7...8...9...10Processing areas...done (0)
Building Faces...done (0)
FixTjuncs...
PruneNodes...
WriteBSP...
done (0)
writing D:\Projects\maps\TF2-Maps\cp_centered\cp_centered.prt...Building visibility clusters...
done (0)
*** Error: Skybox vtf files for skybox/sky_tf2_04 weren't compiled with the same size texture and/or same flags!
Can't load skybox file skybox/sky_tf2_04 to build the default cubemap!
*** Error: Skybox vtf files for skybox/sky_tf2_04 weren't compiled with the same size texture and/or same flags!
Can't load skybox file skybox/sky_tf2_04 to build the default cubemap!
Finding displacement neighbors...
Finding lightmap sample positions...
Displacement Alpha : 0...1...2...3...4...5...6...7...8...9...10
Building Physics collision data...
done (0) (10167 bytes)
Placing detail props : 0...1...2...3...4...5...6...7...8...9...10
Compacting texture/material tables...
Reduced 36 texinfos to 16
Reduced 3 texdatas to 3 (71 bytes to 71)
Writing D:\Projects\maps\TF2-Maps\cp_centered\cp_centered.bsp
MSG_FILEWRITE - Filesystem was asked to write to 'D:\Projects\maps\TF2-Maps\cp_centered\cp_centered.bsp', but we don't own that location. Allowing.
ZIP Output overshot buffer estimate: Estimated 0, actual 54
0 seconds elapsed



16 threads
reading d:\projects\maps\tf2-maps\cp_centered\cp_centered.bsp
reading d:\projects\maps\tf2-maps\cp_centered\cp_centered.prt
  40 portalclusters
  92 numportals
0...1...2...3...4...5...6...7...8...9...100...1...2...3...4...5...6...7...8...9...10Optimized: 0 visible clusters (0.00%)
Total clusters visible: 1304
Average clusters visible: 32
Building PAS...
Average clusters audible: 40
visdatasize:724  compressed from 640
writing d:\projects\maps\tf2-maps\cp_centered\cp_centered.bsp
MSG_FILEWRITE - Filesystem was asked to write to 'd:\projects\maps\tf2-maps\cp_centered\cp_centered.bsp', but we don't own that location. Allowing.
ZIP Output overshot buffer estimate: Estimated 0, actual 54
0 seconds elapsed



[Reading texlights from 'lights.rad']
[56 texlights parsed from 'lights.rad']

Loading d:\projects\maps\tf2-maps\cp_centered\cp_centered.bsp
202 faces
187315 square feet [26973380.00 square inches]
0 Displacements
0 Square Feet [0.00 Square Inches]
202 patches before subdivision
16934 patches after subdivision
1 direct lights
0...1...2...3...4...5...6...7...8...9...100...1...2...3...4...5...6...7...8...9...10transfers 2087536, max 329
transfer lists:  15.9 megs
0...1...2...3...4...5...6...7...8...9...10	Bounce #1 added RGB(2433, 2308, 2101)
0...1...2...3...4...5...6...7...8...9...10	Bounce #2 added RGB(572, 461, 369)
0...1...2...3...4...5...6...7...8...9...10	Bounce #3 added RGB(143, 101, 72)
0...1...2...3...4...5...6...7...8...9...10	Bounce #4 added RGB(35, 22, 14)
0...1...2...3...4...5...6...7...8...9...10	Bounce #5 added RGB(9, 5, 3)
0...1...2...3...4...5...6...7...8...9...10	Bounce #6 added RGB(2, 1, 0)
0...1...2...3...4...5...6...7...8...9...10	Bounce #7 added RGB(1, 0, 0)
Build Patch/Sample Hash Table(s).....Done<0.0030 sec>
0...1...2...3...4...5...6...7...8...9...10FinalLightFace Done
0 of 0 (0% of) surface lights went in leaf ambient cubes.
0...1...2...3...4...5...6...7...8...9...10Writing leaf ambient...done
Ready to Finish

Object names       Objects/Maxobjs  Memory / Maxmem  Fullness 
------------       ---------------  ---------------  -------- 
models                   1/1024           48/49152    ( 0.1%) 
brushes                 29/8192          348/98304    ( 0.4%) 
brushsides             182/65536        1456/524288   ( 0.3%) 
planes                  98/65536        1960/1310720  ( 0.1%) 
vertexes               267/65536        3204/786432   ( 0.4%) 
nodes                   87/65536        2784/2097152  ( 0.1%) 
texinfos                16/12288        1152/884736   ( 0.1%) 
texdata                  3/2048           96/65536    ( 0.1%) 
dispinfos                0/0               0/0        ( 0.0%) 
disp_verts               0/0               0/0        ( 0.0%) 
disp_tris                0/0               0/0        ( 0.0%) 
disp_lmsamples           0/0               0/0        ( 0.0%) 
faces                  202/65536       11312/3670016  ( 0.3%) 
hdr faces                0/65536           0/3670016  ( 0.0%) 
origfaces               54/65536        3024/3670016  ( 0.1%) 
leaves                  89/65536        2848/2097152  ( 0.1%) 
leaffaces              410/65536         820/131072   ( 0.6%) 
leafbrushes             79/65536         158/131072   ( 0.1%) 
areas                    2/256            16/2048     ( 0.8%) 
surfedges             1096/512000       4384/2048000  ( 0.2%) 
edges                  601/256000       2404/1024000  ( 0.2%) 
LDR worldlights          1/8192           88/720896   ( 0.0%) 
HDR worldlights          0/8192            0/720896   ( 0.0%) 
leafwaterdata            0/32768           0/393216   ( 0.0%) 
waterstrips              2/32768          20/327680   ( 0.0%) 
waterverts               0/65536           0/786432   ( 0.0%) 
waterindices            24/65536          48/131072   ( 0.0%) 
cubemapsamples           0/1024            0/16384    ( 0.0%) 
overlays                 0/512             0/180224   ( 0.0%) 
LDR lightdata         [variable]      561768/0        ( 0.0%) 
HDR lightdata         [variable]           0/0        ( 0.0%) 
visdata               [variable]         724/16777216 ( 0.0%) 
entdata               [variable]        2815/393216   ( 0.7%) 
LDR ambient table       89/65536         356/262144   ( 0.1%) 
HDR ambient table       89/65536         356/262144   ( 0.1%) 
LDR leaf ambient       536/65536       15008/1835008  ( 0.8%) 
HDR leaf ambient        89/65536        2492/1835008  ( 0.1%) 
occluders                0/0               0/0        ( 0.0%) 
occluder polygons        0/0               0/0        ( 0.0%) 
occluder vert ind        0/0               0/0        ( 0.0%) 
detail props          [variable]           1/12       ( 8.3%) 
static props          [variable]           1/12       ( 8.3%) 
pakfile               [variable]          54/0        ( 0.0%) 
physics               [variable]       10167/4194304  ( 0.2%) 
physics terrain       [variable]           2/1048576  ( 0.0%) 

Level flags = 0

Total triangle count: 480
Writing d:\projects\maps\tf2-maps\cp_centered\cp_centered.bsp
ZIP Output overshot buffer estimate: Estimated 0, actual 54
0 seconds elapsed



materialPath: C:\Steam\steamapps\common\Team Fortress 2\tf\materials
Loading D:\Projects\maps\TF2-Maps\cp_centered\cp_centered.vmf
fixing up env_cubemap materials on brush sides...
0...1...2...3...4...5...6...7...8...9...100...1...2...3...4...5...6...7...8...9...10Processing areas...done (0)
Building Faces...done (0)
FixTjuncs...
PruneNodes...
WriteBSP...
done (0)
writing D:\Projects\maps\TF2-Maps\cp_centered\cp_centered.prt...Building visibility clusters...
done (0)
*** Error: Skybox vtf files for skybox/sky_tf2_04 weren't compiled with the same size texture and/or same flags!
Can't load skybox file skybox/sky_tf2_04 to build the default cubemap!
*** Error: Skybox vtf files for skybox/sky_tf2_04 weren't compiled with the same size texture and/or same flags!
Can't load skybox file skybox/sky_tf2_04 to build the default cubemap!
Finding displacement neighbors...
Finding lightmap sample positions...
Displacement Alpha : 0...1...2...3...4...5...6...7...8...9...10
Building Physics collision data...
done (0) (10167 bytes)
Placing detail props : 0...1...2...3...4...5...6...7...8...9...10
Compacting texture/material tables...
Reduced 36 texinfos to 16
Reduced 3 texdatas to 3 (71 bytes to 71)
Writing D:\Projects\maps\TF2-Maps\cp_centered\cp_centered.bsp
MSG_FILEWRITE - Filesystem was asked to write to 'D:\Projects\maps\TF2-Maps\cp_centered\cp_centered.bsp', but we don't own that location. Allowing.
ZIP Output overshot buffer estimate: Estimated 0, actual 54
0 seconds elapsed



16 threads
reading d:\projects\maps\tf2-maps\cp_centered\cp_centered.bsp
reading d:\projects\maps\tf2-maps\cp_centered\cp_centered.prt
  40 portalclusters
  92 numportals
0...1...2...3...4...5...6...7...8...9...100...1...2...3...4...5...6...7...8...9...10Optimized: 0 visible clusters (0.00%)
Total clusters visible: 1304
Average clusters visible: 32
Building PAS...
Average clusters audible: 40
visdatasize:724  compressed from 640
writing d:\projects\maps\tf2-maps\cp_centered\cp_centered.bsp
MSG_FILEWRITE - Filesystem was asked to write to 'd:\projects\maps\tf2-maps\cp_centered\cp_centered.bsp', but we don't own that location. Allowing.
ZIP Output overshot buffer estimate: Estimated 0, actual 54
0 seconds elapsed



[Reading texlights from 'lights.rad']
[56 texlights parsed from 'lights.rad']

Loading d:\projects\maps\tf2-maps\cp_centered\cp_centered.bsp
202 faces
187315 square feet [26973380.00 square inches]
0 Displacements
0 Square Feet [0.00 Square Inches]
202 patches before subdivision
16934 patches after subdivision
1 direct lights
0...1...2...3...4...5...6...7...8...9...100...1...2...3...4...5...6...7...8...9...10transfers 2087536, max 329
transfer lists:  15.9 megs
0...1...2...3...4...5...6...7...8...9...10	Bounce #1 added RGB(2433, 2308, 2101)
0...1...2...3...4...5...6...7...8...9...10	Bounce #2 added RGB(572, 461, 369)
0...1...2...3...4...5...6...7...8...9...10	Bounce #3 added RGB(143, 101, 72)
0...1...2...3...4...5...6...7...8...9...10	Bounce #4 added RGB(35, 22, 14)
0...1...2...3...4...5...6...7...8...9...10	Bounce #5 added RGB(9, 5, 3)
0...1...2...3...4...5...6...7...8...9...10	Bounce #6 added RGB(2, 1, 0)
0...1...2...3...4...5...6...7...8...9...10	Bounce #7 added RGB(1, 0, 0)
Build Patch/Sample Hash Table(s).....Done<0.0031 sec>
0...1...2...3...4...5...6...7...8...9...10FinalLightFace Done
0 of 0 (0% of) surface lights went in leaf ambient cubes.
0...1...2...3...4...5...6...7...8...9...10Writing leaf ambient...done
Ready to Finish

Object names       Objects/Maxobjs  Memory / Maxmem  Fullness 
------------       ---------------  ---------------  -------- 
models                   1/1024           48/49152    ( 0.1%) 
brushes                 29/8192          348/98304    ( 0.4%) 
brushsides             182/65536        1456/524288   ( 0.3%) 
planes                  98/65536        1960/1310720  ( 0.1%) 
vertexes               267/65536        3204/786432   ( 0.4%) 
nodes                   87/65536        2784/2097152  ( 0.1%) 
texinfos                16/12288        1152/884736   ( 0.1%) 
texdata                  3/2048           96/65536    ( 0.1%) 
dispinfos                0/0               0/0        ( 0.0%) 
disp_verts               0/0               0/0        ( 0.0%) 
disp_tris                0/0               0/0        ( 0.0%) 
disp_lmsamples           0/0               0/0        ( 0.0%) 
faces                  202/65536       11312/3670016  ( 0.3%) 
hdr faces                0/65536           0/3670016  ( 0.0%) 
origfaces               54/65536        3024/3670016  ( 0.1%) 
leaves                  89/65536        2848/2097152  ( 0.1%) 
leaffaces              410/65536         820/131072   ( 0.6%) 
leafbrushes             79/65536         158/131072   ( 0.1%) 
areas                    2/256            16/2048     ( 0.8%) 
surfedges             1096/512000       4384/2048000  ( 0.2%) 
edges                  601/256000       2404/1024000  ( 0.2%) 
LDR worldlights          1/8192           88/720896   ( 0.0%) 
HDR worldlights          0/8192            0/720896   ( 0.0%) 
leafwaterdata            0/32768           0/393216   ( 0.0%) 
waterstrips              2/32768          20/327680   ( 0.0%) 
waterverts               0/65536           0/786432   ( 0.0%) 
waterindices            24/65536          48/131072   ( 0.0%) 
cubemapsamples           0/1024            0/16384    ( 0.0%) 
overlays                 0/512             0/180224   ( 0.0%) 
LDR lightdata         [variable]      561768/0        ( 0.0%) 
HDR lightdata         [variable]           0/0        ( 0.0%) 
visdata               [variable]         724/16777216 ( 0.0%) 
entdata               [variable]        2983/393216   ( 0.8%) 
LDR ambient table       89/65536         356/262144   ( 0.1%) 
HDR ambient table       89/65536         356/262144   ( 0.1%) 
LDR leaf ambient       536/65536       15008/1835008  ( 0.8%) 
HDR leaf ambient        89/65536        2492/1835008  ( 0.1%) 
occluders                0/0               0/0        ( 0.0%) 
occluder polygons        0/0               0/0        ( 0.0%) 
occluder vert ind        0/0               0/0        ( 0.0%) 
detail props          [variable]           1/12       ( 8.3%) 
static props          [variable]           1/12       ( 8.3%) 
pakfile               [variable]          54/0        ( 0.0%) 
physics               [variable]       10167/4194304  ( 0.2%) 
physics terrain       [variable]           2/1048576  ( 0.0%) 

Level flags = 0

Total triangle count: 480
Writing d:\projects\maps\tf2-maps\cp_centered\cp_centered.bsp
ZIP Output overshot buffer estimate: Estimated 0, actual 54
0 seconds elapsed



materialPath: C:\Steam\steamapps\common\Team Fortress 2\tf\materials
Loading D:\Projects\maps\TF2-Maps\cp_centered\cp_centered.vmf
fixing up env_cubemap materials on brush sides...
0...1...2...3...4...5...6...7...8...9...100...1...2...3...4...5...6...7...8...9...10Processing areas...done (0)
Building Faces...done (0)
Chop Details...done (0)
Find Visible Detail Sides...done (0)
Merging details...done (0)
FixTjuncs...
PruneNodes...
WriteBSP...
done (0)
writing D:\Projects\maps\TF2-Maps\cp_centered\cp_centered.prt...Building visibility clusters...
done (0)
*** Error: Skybox vtf files for skybox/sky_tf2_04 weren't compiled with the same size texture and/or same flags!
Can't load skybox file skybox/sky_tf2_04 to build the default cubemap!
*** Error: Skybox vtf files for skybox/sky_tf2_04 weren't compiled with the same size texture and/or same flags!
Can't load skybox file skybox/sky_tf2_04 to build the default cubemap!
Finding displacement neighbors...
Finding lightmap sample positions...
Displacement Alpha : 0...1...2...3...4...5...6...7...8...9...10
Building Physics collision data...
done (0) (11720 bytes)
Placing detail props : 0...1...2...3...4...5...6...7...8...9...10
Compacting texture/material tables...
Reduced 39 texinfos to 17
Reduced 4 texdatas to 4 (93 bytes to 93)
Writing D:\Projects\maps\TF2-Maps\cp_centered\cp_centered.bsp
MSG_FILEWRITE - Filesystem was asked to write to 'D:\Projects\maps\TF2-Maps\cp_centered\cp_centered.bsp', but we don't own that location. Allowing.
ZIP Output overshot buffer estimate: Estimated 0, actual 54
0 seconds elapsed



16 threads
reading d:\projects\maps\tf2-maps\cp_centered\cp_centered.bsp
reading d:\projects\maps\tf2-maps\cp_centered\cp_centered.prt
  44 portalclusters
 100 numportals
0...1...2...3...4...5...6...7...8...9...100...1...2...3...4...5...6...7...8...9...10Optimized: 0 visible clusters (0.00%)
Total clusters visible: 1532
Average clusters visible: 34
Building PAS...
Average clusters audible: 44
visdatasize:888  compressed from 704
writing d:\projects\maps\tf2-maps\cp_centered\cp_centered.bsp
MSG_FILEWRITE - Filesystem was asked to write to 'd:\projects\maps\tf2-maps\cp_centered\cp_centered.bsp', but we don't own that location. Allowing.
ZIP Output overshot buffer estimate: Estimated 0, actual 54
0 seconds elapsed



[Reading texlights from 'lights.rad']
[56 texlights parsed from 'lights.rad']

Loading d:\projects\maps\tf2-maps\cp_centered\cp_centered.bsp
214 faces
195279 square feet [28120260.00 square inches]
0 Displacements
0 Square Feet [0.00 Square Inches]
214 patches before subdivision
18046 patches after subdivision
1 direct lights
0...1...2...3...4...5...6...7...8...9...100...1...2...3...4...5...6...7...8...9...10transfers 2166665, max 319
transfer lists:  16.5 megs
0...1...2...3...4...5...6...7...8...9...10	Bounce #1 added RGB(2440, 2312, 2104)
0...1...2...3...4...5...6...7...8...9...10	Bounce #2 added RGB(584, 470, 377)
0...1...2...3...4...5...6...7...8...9...10	Bounce #3 added RGB(147, 104, 74)
0...1...2...3...4...5...6...7...8...9...10	Bounce #4 added RGB(37, 22, 14)
0...1...2...3...4...5...6...7...8...9...10	Bounce #5 added RGB(9, 5, 3)
0...1...2...3...4...5...6...7...8...9...10	Bounce #6 added RGB(2, 1, 1)
0...1...2...3...4...5...6...7...8...9...10	Bounce #7 added RGB(1, 0, 0)
Build Patch/Sample Hash Table(s).....Done<0.0033 sec>
0...1...2...3...4...5...6...7...8...9...10FinalLightFace Done
0 of 0 (0% of) surface lights went in leaf ambient cubes.
0...1...2...3...4...5...6...7...8...9...10Writing leaf ambient...done
Ready to Finish

Object names       Objects/Maxobjs  Memory / Maxmem  Fullness 
------------       ---------------  ---------------  -------- 
models                   1/1024           48/49152    ( 0.1%) 
brushes                 33/8192          396/98304    ( 0.4%) 
brushsides             206/65536        1648/524288   ( 0.3%) 
planes                 100/65536        2000/1310720  ( 0.2%) 
vertexes               279/65536        3348/786432   ( 0.4%) 
nodes                   99/65536        3168/2097152  ( 0.2%) 
texinfos                17/12288        1224/884736   ( 0.1%) 
texdata                  4/2048          128/65536    ( 0.2%) 
dispinfos                0/0               0/0        ( 0.0%) 
disp_verts               0/0               0/0        ( 0.0%) 
disp_tris                0/0               0/0        ( 0.0%) 
disp_lmsamples           0/0               0/0        ( 0.0%) 
faces                  214/65536       11984/3670016  ( 0.3%) 
hdr faces                0/65536           0/3670016  ( 0.0%) 
origfaces               62/65536        3472/3670016  ( 0.1%) 
leaves                 101/65536        3232/2097152  ( 0.2%) 
leaffaces              422/65536         844/131072   ( 0.6%) 
leafbrushes             95/65536         190/131072   ( 0.1%) 
areas                    2/256            16/2048     ( 0.8%) 
surfedges             1172/512000       4688/2048000  ( 0.2%) 
edges                  645/256000       2580/1024000  ( 0.3%) 
LDR worldlights          1/8192           88/720896   ( 0.0%) 
HDR worldlights          0/8192            0/720896   ( 0.0%) 
leafwaterdata            0/32768           0/393216   ( 0.0%) 
waterstrips              0/32768           0/327680   ( 0.0%) 
waterverts               0/65536           0/786432   ( 0.0%) 
waterindices             0/65536           0/131072   ( 0.0%) 
cubemapsamples           0/1024            0/16384    ( 0.0%) 
overlays                 0/512             0/180224   ( 0.0%) 
LDR lightdata         [variable]      581076/0        ( 0.0%) 
HDR lightdata         [variable]           0/0        ( 0.0%) 
visdata               [variable]         888/16777216 ( 0.0%) 
entdata               [variable]        2958/393216   ( 0.8%) 
LDR ambient table      101/65536         404/262144   ( 0.2%) 
HDR ambient table      101/65536         404/262144   ( 0.2%) 
LDR leaf ambient       576/65536       16128/1835008  ( 0.9%) 
HDR leaf ambient       101/65536        2828/1835008  ( 0.2%) 
occluders                0/0               0/0        ( 0.0%) 
occluder polygons        0/0               0/0        ( 0.0%) 
occluder vert ind        0/0               0/0        ( 0.0%) 
detail props          [variable]           1/12       ( 8.3%) 
static props          [variable]           1/12       ( 8.3%) 
pakfile               [variable]          54/0        ( 0.0%) 
physics               [variable]       11720/4194304  ( 0.3%) 
physics terrain       [variable]           2/1048576  ( 0.0%) 

Level flags = 0

Total triangle count: 500
Writing d:\projects\maps\tf2-maps\cp_centered\cp_centered.bsp
ZIP Output overshot buffer estimate: Estimated 0, actual 54
0 seconds elapsed



materialPath: C:\Steam\steamapps\common\Team Fortress 2\tf\materials
Loading D:\Projects\maps\TF2-Maps\cp_centered\cp_centered.vmf
fixing up env_cubemap materials on brush sides...
0...1...2...3...4...5...6...7...8...9...100...1...2...3...4...5...6...7...8...9...10Processing areas...done (0)
Building Faces...done (0)
Chop Details...done (0)
Find Visible Detail Sides...done (0)
Merging details...done (0)
FixTjuncs...
PruneNodes...
WriteBSP...
done (0)
writing D:\Projects\maps\TF2-Maps\cp_centered\cp_centered.prt...Building visibility clusters...
done (0)
*** Error: Skybox vtf files for skybox/sky_tf2_04 weren't compiled with the same size texture and/or same flags!
Can't load skybox file skybox/sky_tf2_04 to build the default cubemap!
*** Error: Skybox vtf files for skybox/sky_tf2_04 weren't compiled with the same size texture and/or same flags!
Can't load skybox file skybox/sky_tf2_04 to build the default cubemap!
Finding displacement neighbors...
Finding lightmap sample positions...
Displacement Alpha : 0...1...2...3...4...5...6...7...8...9...10
Building Physics collision data...
done (0) (12376 bytes)
Placing detail props : 0...1...2...3...4...5...6...7...8...9...10
Compacting texture/material tables...
Reduced 58 texinfos to 30
Reduced 4 texdatas to 4 (93 bytes to 93)
Writing D:\Projects\maps\TF2-Maps\cp_centered\cp_centered.bsp
MSG_FILEWRITE - Filesystem was asked to write to 'D:\Projects\maps\TF2-Maps\cp_centered\cp_centered.bsp', but we don't own that location. Allowing.
ZIP Output overshot buffer estimate: Estimated 0, actual 54
0 seconds elapsed



16 threads
reading d:\projects\maps\tf2-maps\cp_centered\cp_centered.bsp
reading d:\projects\maps\tf2-maps\cp_centered\cp_centered.prt
  44 portalclusters
  92 numportals
0...1...2...3...4...5...6...7...8...9...100...1...2...3...4...5...6...7...8...9...10Optimized: 0 visible clusters (0.00%)
Total clusters visible: 1796
Average clusters visible: 40
Building PAS...
Average clusters audible: 44
visdatasize:884  compressed from 704
writing d:\projects\maps\tf2-maps\cp_centered\cp_centered.bsp
MSG_FILEWRITE - Filesystem was asked to write to 'd:\projects\maps\tf2-maps\cp_centered\cp_centered.bsp', but we don't own that location. Allowing.
ZIP Output overshot buffer estimate: Estimated 0, actual 54
0 seconds elapsed



[Reading texlights from 'lights.rad']
[56 texlights parsed from 'lights.rad']

Loading d:\projects\maps\tf2-maps\cp_centered\cp_centered.bsp
236 faces
205488 square feet [29590360.00 square inches]
0 Displacements
0 Square Feet [0.00 Square Inches]
236 patches before subdivision
19444 patches after subdivision
5 direct lights
0...1...2...3...4...5...6...7...8...9...100...1...2...3...4...5...6...7...8...9...10transfers 2296389, max 326
transfer lists:  17.5 megs
0...1...2...3...4...5...6...7...8...9...10	Bounce #1 added RGB(23649, 20210, 17831)
0...1...2...3...4...5...6...7...8...9...10	Bounce #2 added RGB(6521, 4691, 3634)
0...1...2...3...4...5...6...7...8...9...10	Bounce #3 added RGB(1825, 1110, 756)
0...1...2...3...4...5...6...7...8...9...10	Bounce #4 added RGB(509, 261, 156)
0...1...2...3...4...5...6...7...8...9...10	Bounce #5 added RGB(142, 62, 32)
0...1...2...3...4...5...6...7...8...9...10	Bounce #6 added RGB(40, 14, 7)
0...1...2...3...4...5...6...7...8...9...10	Bounce #7 added RGB(11, 3, 1)
0...1...2...3...4...5...6...7...8...9...10	Bounce #8 added RGB(3, 1, 0)
0...1...2...3...4...5...6...7...8...9...10	Bounce #9 added RGB(1, 0, 0)
Build Patch/Sample Hash Table(s).....Done<0.0035 sec>
0...1...2...3...4...5...6...7...8...9...10FinalLightFace Done
0 of 0 (0% of) surface lights went in leaf ambient cubes.
0...1...2...3...4...5...6...7...8...9...10Writing leaf ambient...done
Ready to Finish

Object names       Objects/Maxobjs  Memory / Maxmem  Fullness 
------------       ---------------  ---------------  -------- 
models                   1/1024           48/49152    ( 0.1%) 
brushes                 35/8192          420/98304    ( 0.4%) 
brushsides             214/65536        1712/524288   ( 0.3%) 
planes                  98/65536        1960/1310720  ( 0.1%) 
vertexes               311/65536        3732/786432   ( 0.5%) 
nodes                  103/65536        3296/2097152  ( 0.2%) 
texinfos                30/12288        2160/884736   ( 0.2%) 
texdata                  4/2048          128/65536    ( 0.2%) 
dispinfos                0/0               0/0        ( 0.0%) 
disp_verts               0/0               0/0        ( 0.0%) 
disp_tris                0/0               0/0        ( 0.0%) 
disp_lmsamples           0/0               0/0        ( 0.0%) 
faces                  236/65536       13216/3670016  ( 0.4%) 
hdr faces                0/65536           0/3670016  ( 0.0%) 
origfaces               74/65536        4144/3670016  ( 0.1%) 
leaves                 105/65536        3360/2097152  ( 0.2%) 
leaffaces              336/65536         672/131072   ( 0.5%) 
leafbrushes             87/65536         174/131072   ( 0.1%) 
areas                    2/256            16/2048     ( 0.8%) 
surfedges             1340/512000       5360/2048000  ( 0.3%) 
edges                  743/256000       2972/1024000  ( 0.3%) 
LDR worldlights          5/8192          440/720896   ( 0.1%) 
HDR worldlights          0/8192            0/720896   ( 0.0%) 
leafwaterdata            0/32768           0/393216   ( 0.0%) 
waterstrips              4/32768          40/327680   ( 0.0%) 
waterverts               0/65536           0/786432   ( 0.0%) 
waterindices            72/65536         144/131072   ( 0.1%) 
cubemapsamples           0/1024            0/16384    ( 0.0%) 
overlays                 0/512             0/180224   ( 0.0%) 
LDR lightdata         [variable]      606624/0        ( 0.0%) 
HDR lightdata         [variable]           0/0        ( 0.0%) 
visdata               [variable]         884/16777216 ( 0.0%) 
entdata               [variable]        3997/393216   ( 1.0%) 
LDR ambient table      105/65536         420/262144   ( 0.2%) 
HDR ambient table      105/65536         420/262144   ( 0.2%) 
LDR leaf ambient       616/65536       17248/1835008  ( 0.9%) 
HDR leaf ambient       105/65536        2940/1835008  ( 0.2%) 
occluders                0/0               0/0        ( 0.0%) 
occluder polygons        0/0               0/0        ( 0.0%) 
occluder vert ind        0/0               0/0        ( 0.0%) 
detail props          [variable]           1/12       ( 8.3%) 
static props          [variable]           1/12       ( 8.3%) 
pakfile               [variable]          54/0        ( 0.0%) 
physics               [variable]       12376/4194304  ( 0.3%) 
physics terrain       [variable]           2/1048576  ( 0.0%) 

Level flags = 0

Total triangle count: 576
Writing d:\projects\maps\tf2-maps\cp_centered\cp_centered.bsp
ZIP Output overshot buffer estimate: Estimated 0, actual 54
0 seconds elapsed



materialPath: C:\Steam\steamapps\common\Team Fortress 2\tf\materials
Loading D:\Projects\maps\TF2-Maps\cp_centered\cp_centered.vmf
fixing up env_cubemap materials on brush sides...
0...1...2...3...4...5...6...7...8...9...100...1...2...3...4...5...6...7...8...9...10Processing areas...done (0)
Building Faces...done (0)
Chop Details...done (0)
Find Visible Detail Sides...done (0)
Merging details...done (0)
FixTjuncs...
PruneNodes...
WriteBSP...
done (0)
writing D:\Projects\maps\TF2-Maps\cp_centered\cp_centered.prt...Building visibility clusters...
done (0)
*** Error: Skybox vtf files for skybox/sky_tf2_04 weren't compiled with the same size texture and/or same flags!
Can't load skybox file skybox/sky_tf2_04 to build the default cubemap!
*** Error: Skybox vtf files for skybox/sky_tf2_04 weren't compiled with the same size texture and/or same flags!
Can't load skybox file skybox/sky_tf2_04 to build the default cubemap!
Finding displacement neighbors...
Finding lightmap sample positions...
Displacement Alpha : 0...1...2...3...4...5...6...7...8...9...10
Building Physics collision data...
done (0) (15384 bytes)
Placing detail props : 0...1...2...3...4...5...6...7...8...9...10
Compacting texture/material tables...
Reduced 75 texinfos to 44
Reduced 5 texdatas to 5 (119 bytes to 119)
Writing D:\Projects\maps\TF2-Maps\cp_centered\cp_centered.bsp
MSG_FILEWRITE - Filesystem was asked to write to 'D:\Projects\maps\TF2-Maps\cp_centered\cp_centered.bsp', but we don't own that location. Allowing.
ZIP Output overshot buffer estimate: Estimated 0, actual 54
0 seconds elapsed



16 threads
reading d:\projects\maps\tf2-maps\cp_centered\cp_centered.bsp
reading d:\projects\maps\tf2-maps\cp_centered\cp_centered.prt
  72 portalclusters
 158 numportals
0...1...2...3...4...5...6...7...8...9...100...1...2...3...4...5...6...7...8...9...10Optimized: 4 visible clusters (0.08%)
Total clusters visible: 4772
Average clusters visible: 66
Building PAS...
Average clusters audible: 72
visdatasize:1876  compressed from 2304
writing d:\projects\maps\tf2-maps\cp_centered\cp_centered.bsp
MSG_FILEWRITE - Filesystem was asked to write to 'd:\projects\maps\tf2-maps\cp_centered\cp_centered.bsp', but we don't own that location. Allowing.
ZIP Output overshot buffer estimate: Estimated 0, actual 54
0 seconds elapsed



[Reading texlights from 'lights.rad']
[56 texlights parsed from 'lights.rad']

Loading d:\projects\maps\tf2-maps\cp_centered\cp_centered.bsp
314 faces
233209 square feet [33582168.00 square inches]
0 Displacements
0 Square Feet [0.00 Square Inches]
314 patches before subdivision
25286 patches after subdivision
5 direct lights
0...1...2...3...4...5...6...7...8...9...100...1...2...3...4...5...6...7...8...9...10transfers 2783019, max 387
transfer lists:  21.2 megs
0...1...2...3...4...5...6...7...8...9...10	Bounce #1 added RGB(24439, 20945, 18419)
0...1...2...3...4...5...6...7...8...9...10	Bounce #2 added RGB(6807, 4946, 3814)
0...1...2...3...4...5...6...7...8...9...10	Bounce #3 added RGB(1919, 1184, 802)
0...1...2...3...4...5...6...7...8...9...10	Bounce #4 added RGB(539, 282, 168)
0...1...2...3...4...5...6...7...8...9...10	Bounce #5 added RGB(152, 67, 35)
0...1...2...3...4...5...6...7...8...9...10	Bounce #6 added RGB(43, 16, 7)
0...1...2...3...4...5...6...7...8...9...10	Bounce #7 added RGB(12, 4, 2)
0...1...2...3...4...5...6...7...8...9...10	Bounce #8 added RGB(3, 1, 0)
0...1...2...3...4...5...6...7...8...9...10	Bounce #9 added RGB(1, 0, 0)
Build Patch/Sample Hash Table(s).....Done<0.0044 sec>
0...1...2...3...4...5...6...7...8...9...10FinalLightFace Done
0 of 0 (0% of) surface lights went in leaf ambient cubes.
0...1...2...3...4...5...6...7...8...9...10Writing leaf ambient...done
Ready to Finish

Object names       Objects/Maxobjs  Memory / Maxmem  Fullness 
------------       ---------------  ---------------  -------- 
models                   1/1024           48/49152    ( 0.1%) 
brushes                 43/8192          516/98304    ( 0.5%) 
brushsides             262/65536        2096/524288   ( 0.4%) 
planes                 122/65536        2440/1310720  ( 0.2%) 
vertexes               417/65536        5004/786432   ( 0.6%) 
nodes                  143/65536        4576/2097152  ( 0.2%) 
texinfos                44/12288        3168/884736   ( 0.4%) 
texdata                  5/2048          160/65536    ( 0.2%) 
dispinfos                0/0               0/0        ( 0.0%) 
disp_verts               0/0               0/0        ( 0.0%) 
disp_tris                0/0               0/0        ( 0.0%) 
disp_lmsamples           0/0               0/0        ( 0.0%) 
faces                  314/65536       17584/3670016  ( 0.5%) 
hdr faces                0/65536           0/3670016  ( 0.0%) 
origfaces              112/65536        6272/3670016  ( 0.2%) 
leaves                 145/65536        4640/2097152  ( 0.2%) 
leaffaces              508/65536        1016/131072   ( 0.8%) 
leafbrushes             99/65536         198/131072   ( 0.2%) 
areas                    2/256            16/2048     ( 0.8%) 
surfedges             1876/512000       7504/2048000  ( 0.4%) 
edges                 1031/256000       4124/1024000  ( 0.4%) 
LDR worldlights          5/8192          440/720896   ( 0.1%) 
HDR worldlights          0/8192            0/720896   ( 0.0%) 
leafwaterdata            0/32768           0/393216   ( 0.0%) 
waterstrips             12/32768         120/327680   ( 0.0%) 
waterverts               0/65536           0/786432   ( 0.0%) 
waterindices           180/65536         360/131072   ( 0.3%) 
cubemapsamples           0/1024            0/16384    ( 0.0%) 
overlays                 0/512             0/180224   ( 0.0%) 
LDR lightdata         [variable]      958480/0        ( 0.0%) 
HDR lightdata         [variable]           0/0        ( 0.0%) 
visdata               [variable]        1876/16777216 ( 0.0%) 
entdata               [variable]        3997/393216   ( 1.0%) 
LDR ambient table      145/65536         580/262144   ( 0.2%) 
HDR ambient table      145/65536         580/262144   ( 0.2%) 
LDR leaf ambient       893/65536       25004/1835008  ( 1.4%) 
HDR leaf ambient       145/65536        4060/1835008  ( 0.2%) 
occluders                0/0               0/0        ( 0.0%) 
occluder polygons        0/0               0/0        ( 0.0%) 
occluder vert ind        0/0               0/0        ( 0.0%) 
detail props          [variable]           1/12       ( 8.3%) 
static props          [variable]           1/12       ( 8.3%) 
pakfile               [variable]          54/0        ( 0.0%) 
physics               [variable]       15384/4194304  ( 0.4%) 
physics terrain       [variable]           2/1048576  ( 0.0%) 

Level flags = 0

Total triangle count: 804
Writing d:\projects\maps\tf2-maps\cp_centered\cp_centered.bsp
ZIP Output overshot buffer estimate: Estimated 0, actual 54
0 seconds elapsed



materialPath: C:\Steam\steamapps\common\Team Fortress 2\tf\materials
Loading D:\Projects\maps\TF2-Maps\cp_centered\cp_centered.vmf
fixing up env_cubemap materials on brush sides...
0...1...2...3...4...5...6...7...8...9...100...1...2...3...4...5...6...7...8...9...10Processing areas...done (0)
Building Faces...done (0)
Chop Details...done (0)
Find Visible Detail Sides...done (0)
Merging details...done (0)
FixTjuncs...
PruneNodes...
WriteBSP...
done (0)
writing D:\Projects\maps\TF2-Maps\cp_centered\cp_centered.prt...Building visibility clusters...
done (0)
*** Error: Skybox vtf files for skybox/sky_tf2_04 weren't compiled with the same size texture and/or same flags!
Can't load skybox file skybox/sky_tf2_04 to build the default cubemap!
*** Error: Skybox vtf files for skybox/sky_tf2_04 weren't compiled with the same size texture and/or same flags!
Can't load skybox file skybox/sky_tf2_04 to build the default cubemap!
Finding displacement neighbors...
Finding lightmap sample positions...
Displacement Alpha : 0...1...2...3...4...5...6...7...8...9...10
Building Physics collision data...
done (0) (20952 bytes)
Placing detail props : 0...1...2...3...4...5...6...7...8...9...10
Compacting texture/material tables...
Reduced 99 texinfos to 64
Reduced 5 texdatas to 5 (119 bytes to 119)
Writing D:\Projects\maps\TF2-Maps\cp_centered\cp_centered.bsp
MSG_FILEWRITE - Filesystem was asked to write to 'D:\Projects\maps\TF2-Maps\cp_centered\cp_centered.bsp', but we don't own that location. Allowing.
ZIP Output overshot buffer estimate: Estimated 0, actual 54
0 seconds elapsed



16 threads
reading d:\projects\maps\tf2-maps\cp_centered\cp_centered.bsp
reading d:\projects\maps\tf2-maps\cp_centered\cp_centered.prt
 108 portalclusters
 294 numportals
0...1...2...3...4...5...6...7...8...9...100...1...2...3...4...5...6...7...8...9...10Optimized: 17 visible clusters (0.16%)
Total clusters visible: 10353
Average clusters visible: 95
Building PAS...
Average clusters audible: 108
visdatasize:3900  compressed from 3456
writing d:\projects\maps\tf2-maps\cp_centered\cp_centered.bsp
MSG_FILEWRITE - Filesystem was asked to write to 'd:\projects\maps\tf2-maps\cp_centered\cp_centered.bsp', but we don't own that location. Allowing.
ZIP Output overshot buffer estimate: Estimated 0, actual 54
0 seconds elapsed



[Reading texlights from 'lights.rad']
[56 texlights parsed from 'lights.rad']

Loading d:\projects\maps\tf2-maps\cp_centered\cp_centered.bsp
427 faces
263448 square feet [37936648.00 square inches]
0 Displacements
0 Square Feet [0.00 Square Inches]
427 patches before subdivision
28365 patches after subdivision
6 direct lights
0...1...2...3...4...5...6...7...8...9...100...1...2...3...4...5...6...7...8...9...10transfers 2877244, max 416
transfer lists:  22.0 megs
0...1...2...3...4...5...6...7...8...9...10	Bounce #1 added RGB(27548, 23962, 20995)
0...1...2...3...4...5...6...7...8...9...10	Bounce #2 added RGB(7677, 5763, 4403)
0...1...2...3...4...5...6...7...8...9...10	Bounce #3 added RGB(2155, 1401, 934)
0...1...2...3...4...5...6...7...8...9...10	Bounce #4 added RGB(605, 342, 198)
0...1...2...3...4...5...6...7...8...9...10	Bounce #5 added RGB(170, 84, 42)
0...1...2...3...4...5...6...7...8...9...10	Bounce #6 added RGB(48, 21, 9)
0...1...2...3...4...5...6...7...8...9...10	Bounce #7 added RGB(13, 5, 2)
0...1...2...3...4...5...6...7...8...9...10	Bounce #8 added RGB(4, 1, 0)
0...1...2...3...4...5...6...7...8...9...10	Bounce #9 added RGB(1, 0, 0)
0...1...2...3...4...5...6...7...8...9...10	Bounce #10 added RGB(0, 0, 0)
Build Patch/Sample Hash Table(s).....Done<0.0044 sec>
0...1...2...3...4...5...6...7...8...9...10FinalLightFace Done
0 of 0 (0% of) surface lights went in leaf ambient cubes.
0...1...2...3...4...5...6...7...8...9...10Writing leaf ambient...done
Ready to Finish

Object names       Objects/Maxobjs  Memory / Maxmem  Fullness 
------------       ---------------  ---------------  -------- 
models                   1/1024           48/49152    ( 0.1%) 
brushes                 60/8192          720/98304    ( 0.7%) 
brushsides             367/65536        2936/524288   ( 0.6%) 
planes                 168/65536        3360/1310720  ( 0.3%) 
vertexes               589/65536        7068/786432   ( 0.9%) 
nodes                  227/65536        7264/2097152  ( 0.3%) 
texinfos                64/12288        4608/884736   ( 0.5%) 
texdata                  5/2048          160/65536    ( 0.2%) 
dispinfos                0/0               0/0        ( 0.0%) 
disp_verts               0/0               0/0        ( 0.0%) 
disp_tris                0/0               0/0        ( 0.0%) 
disp_lmsamples           0/0               0/0        ( 0.0%) 
faces                  427/65536       23912/3670016  ( 0.7%) 
hdr faces                0/65536           0/3670016  ( 0.0%) 
origfaces              175/65536        9800/3670016  ( 0.3%) 
leaves                 229/65536        7328/2097152  ( 0.3%) 
leaffaces              568/65536        1136/131072   ( 0.9%) 
leafbrushes            161/65536         322/131072   ( 0.2%) 
areas                    2/256            16/2048     ( 0.8%) 
surfedges             2696/512000      10784/2048000  ( 0.5%) 
edges                 1488/256000       5952/1024000  ( 0.6%) 
LDR worldlights          6/8192          528/720896   ( 0.1%) 
HDR worldlights          0/8192            0/720896   ( 0.0%) 
leafwaterdata            0/32768           0/393216   ( 0.0%) 
waterstrips             41/32768         410/327680   ( 0.1%) 
waterverts               0/65536           0/786432   ( 0.0%) 
waterindices           597/65536        1194/131072   ( 0.9%) 
cubemapsamples           0/1024            0/16384    ( 0.0%) 
overlays                 0/512             0/180224   ( 0.0%) 
LDR lightdata         [variable]     1171748/0        ( 0.0%) 
HDR lightdata         [variable]           0/0        ( 0.0%) 
visdata               [variable]        3900/16777216 ( 0.0%) 
entdata               [variable]        4390/393216   ( 1.1%) 
LDR ambient table      229/65536         916/262144   ( 0.3%) 
HDR ambient table      229/65536         916/262144   ( 0.3%) 
LDR leaf ambient      1306/65536       36568/1835008  ( 2.0%) 
HDR leaf ambient       229/65536        6412/1835008  ( 0.3%) 
occluders                0/0               0/0        ( 0.0%) 
occluder polygons        0/0               0/0        ( 0.0%) 
occluder vert ind        0/0               0/0        ( 0.0%) 
detail props          [variable]           1/12       ( 8.3%) 
static props          [variable]           1/12       ( 8.3%) 
pakfile               [variable]          54/0        ( 0.0%) 
physics               [variable]       20952/4194304  ( 0.5%) 
physics terrain       [variable]           2/1048576  ( 0.0%) 

Level flags = 0

Total triangle count: 1152
Writing d:\projects\maps\tf2-maps\cp_centered\cp_centered.bsp
ZIP Output overshot buffer estimate: Estimated 0, actual 54
1 second elapsed



materialPath: C:\Steam\steamapps\common\Team Fortress 2\tf\materials
Loading D:\Projects\maps\TF2-Maps\cp_centered\cp_centered.vmf
fixing up env_cubemap materials on brush sides...
0...1...2...3...4...5...6...7...8...9...100...1...2...3...4...5...6...7...8...9...10Processing areas...done (0)
Building Faces...done (0)
Chop Details...done (0)
Find Visible Detail Sides...done (0)
Merging details...done (0)
FixTjuncs...
PruneNodes...
WriteBSP...
done (0)
writing D:\Projects\maps\TF2-Maps\cp_centered\cp_centered.prt...Building visibility clusters...
done (0)
*** Error: Skybox vtf files for skybox/sky_tf2_04 weren't compiled with the same size texture and/or same flags!
Can't load skybox file skybox/sky_tf2_04 to build the default cubemap!
*** Error: Skybox vtf files for skybox/sky_tf2_04 weren't compiled with the same size texture and/or same flags!
Can't load skybox file skybox/sky_tf2_04 to build the default cubemap!
Finding displacement neighbors...
Finding lightmap sample positions...
Displacement Alpha : 0...1...2...3...4...5...6...7...8...9...10
Building Physics collision data...
done (0) (27240 bytes)
Placing detail props : 0...1...2...3...4...5...6...7...8...9...10
Compacting texture/material tables...
Reduced 116 texinfos to 77
Reduced 5 texdatas to 5 (119 bytes to 119)
Writing D:\Projects\maps\TF2-Maps\cp_centered\cp_centered.bsp
MSG_FILEWRITE - Filesystem was asked to write to 'D:\Projects\maps\TF2-Maps\cp_centered\cp_centered.bsp', but we don't own that location. Allowing.
ZIP Output overshot buffer estimate: Estimated 0, actual 54
0 seconds elapsed



16 threads
reading d:\projects\maps\tf2-maps\cp_centered\cp_centered.bsp
reading d:\projects\maps\tf2-maps\cp_centered\cp_centered.prt
 138 portalclusters
 383 numportals
0...1...2...3...4...5...6...7...8...9...100...1...2...3...4...5...6...7...8...9...10Optimized: 36 visible clusters (0.22%)
Total clusters visible: 16372
Average clusters visible: 118
Building PAS...
Average clusters audible: 138
visdatasize:6105  compressed from 6624
writing d:\projects\maps\tf2-maps\cp_centered\cp_centered.bsp
MSG_FILEWRITE - Filesystem was asked to write to 'd:\projects\maps\tf2-maps\cp_centered\cp_centered.bsp', but we don't own that location. Allowing.
ZIP Output overshot buffer estimate: Estimated 0, actual 54
0 seconds elapsed



[Reading texlights from 'lights.rad']
[56 texlights parsed from 'lights.rad']

Loading d:\projects\maps\tf2-maps\cp_centered\cp_centered.bsp
533 faces
271923 square feet [39156920.00 square inches]
0 Displacements
0 Square Feet [0.00 Square Inches]
533 patches before subdivision
37947 patches after subdivision
7 direct lights
0...1...2...3...4...5...6...7...8...9...100...1...2...3...4...5...6...7...8...9...10transfers 5369815, max 440
transfer lists:  41.0 megs
0...1...2...3...4...5...6...7...8...9...10	Bounce #1 added RGB(31990, 28239, 24678)
0...1...2...3...4...5...6...7...8...9...10	Bounce #2 added RGB(9051, 7005, 5324)
0...1...2...3...4...5...6...7...8...9...10	Bounce #3 added RGB(2596, 1769, 1171)
0...1...2...3...4...5...6...7...8...9...10	Bounce #4 added RGB(743, 447, 257)
0...1...2...3...4...5...6...7...8...9...10	Bounce #5 added RGB(213, 114, 57)
0...1...2...3...4...5...6...7...8...9...10	Bounce #6 added RGB(61, 29, 13)
0...1...2...3...4...5...6...7...8...9...10	Bounce #7 added RGB(17, 7, 3)
0...1...2...3...4...5...6...7...8...9...10	Bounce #8 added RGB(5, 2, 1)
0...1...2...3...4...5...6...7...8...9...10	Bounce #9 added RGB(1, 0, 0)
0...1...2...3...4...5...6...7...8...9...10	Bounce #10 added RGB(0, 0, 0)
Build Patch/Sample Hash Table(s).....Done<0.0062 sec>
0...1...2...3...4...5...6...7...8...9...10FinalLightFace Done
0 of 0 (0% of) surface lights went in leaf ambient cubes.
0...1...2...3...4...5...6...7...8...9...10Writing leaf ambient...done
Ready to Finish

Object names       Objects/Maxobjs  Memory / Maxmem  Fullness 
------------       ---------------  ---------------  -------- 
models                   1/1024           48/49152    ( 0.1%) 
brushes                 77/8192          924/98304    ( 0.9%) 
brushsides             472/65536        3776/524288   ( 0.7%) 
planes                 190/65536        3800/1310720  ( 0.3%) 
vertexes               747/65536        8964/786432   ( 1.1%) 
nodes                  287/65536        9184/2097152  ( 0.4%) 
texinfos                77/12288        5544/884736   ( 0.6%) 
texdata                  5/2048          160/65536    ( 0.2%) 
dispinfos                0/0               0/0        ( 0.0%) 
disp_verts               0/0               0/0        ( 0.0%) 
disp_tris                0/0               0/0        ( 0.0%) 
disp_lmsamples           0/0               0/0        ( 0.0%) 
faces                  533/65536       29848/3670016  ( 0.8%) 
hdr faces                0/65536           0/3670016  ( 0.0%) 
origfaces              233/65536       13048/3670016  ( 0.4%) 
leaves                 289/65536        9248/2097152  ( 0.4%) 
leaffaces              698/65536        1396/131072   ( 1.1%) 
leafbrushes            228/65536         456/131072   ( 0.3%) 
areas                    2/256            16/2048     ( 0.8%) 
surfedges             3446/512000      13784/2048000  ( 0.7%) 
edges                 1913/256000       7652/1024000  ( 0.7%) 
LDR worldlights          7/8192          616/720896   ( 0.1%) 
HDR worldlights          0/8192            0/720896   ( 0.0%) 
leafwaterdata            0/32768           0/393216   ( 0.0%) 
waterstrips             49/32768         490/327680   ( 0.1%) 
waterverts               0/65536           0/786432   ( 0.0%) 
waterindices           660/65536        1320/131072   ( 1.0%) 
cubemapsamples           0/1024            0/16384    ( 0.0%) 
overlays                 0/512             0/180224   ( 0.0%) 
LDR lightdata         [variable]     1634076/0        ( 0.0%) 
HDR lightdata         [variable]           0/0        ( 0.0%) 
visdata               [variable]        6105/16777216 ( 0.0%) 
entdata               [variable]        5081/393216   ( 1.3%) 
LDR ambient table      289/65536        1156/262144   ( 0.4%) 
HDR ambient table      289/65536        1156/262144   ( 0.4%) 
LDR leaf ambient      1698/65536       47544/1835008  ( 2.6%) 
HDR leaf ambient       289/65536        8092/1835008  ( 0.4%) 
occluders                0/0               0/0        ( 0.0%) 
occluder polygons        0/0               0/0        ( 0.0%) 
occluder vert ind        0/0               0/0        ( 0.0%) 
detail props          [variable]           1/12       ( 8.3%) 
static props          [variable]           1/12       ( 8.3%) 
pakfile               [variable]          54/0        ( 0.0%) 
physics               [variable]       27240/4194304  ( 0.6%) 
physics terrain       [variable]           2/1048576  ( 0.0%) 

Level flags = 0

Total triangle count: 1464
Writing d:\projects\maps\tf2-maps\cp_centered\cp_centered.bsp
ZIP Output overshot buffer estimate: Estimated 0, actual 54
1 second elapsed



materialPath: C:\Steam\steamapps\common\Team Fortress 2\tf\materials
Loading D:\Projects\maps\TF2-Maps\cp_centered\cp_centered.vmf
fixing up env_cubemap materials on brush sides...
0...1...2...3...4...5...6...7...8...9...10**** leaked ****
Entity item_healthkit_medium (-224.00 -992.00 65.24) leaked!
Processing areas...done (0)
Building Faces...done (0)
Chop Details...done (0)
Find Visible Detail Sides...done (0)
Merging details...done (0)
FixTjuncs...
PruneNodes...
WriteBSP...
done (0)
*** Error: Skybox vtf files for skybox/sky_tf2_04 weren't compiled with the same size texture and/or same flags!
Can't load skybox file skybox/sky_tf2_04 to build the default cubemap!
*** Error: Skybox vtf files for skybox/sky_tf2_04 weren't compiled with the same size texture and/or same flags!
Can't load skybox file skybox/sky_tf2_04 to build the default cubemap!
Finding displacement neighbors...
Finding lightmap sample positions...
Displacement Alpha : 0...1...2...3...4...5...6...7...8...9...10
Building Physics collision data...
done (0) (37544 bytes)
Placing detail props : 0...1...2...3...4...5...6...7...8...9...10
Compacting texture/material tables...
Reduced 180 texinfos to 134
Reduced 7 texdatas to 7 (173 bytes to 173)
Writing D:\Projects\maps\TF2-Maps\cp_centered\cp_centered.bsp
MSG_FILEWRITE - Filesystem was asked to write to 'D:\Projects\maps\TF2-Maps\cp_centered\cp_centered.bsp', but we don't own that location. Allowing.
ZIP Output overshot buffer estimate: Estimated 0, actual 54
0 seconds elapsed



16 threads
reading d:\projects\maps\tf2-maps\cp_centered\cp_centered.bsp
reading d:\projects\maps\tf2-maps\cp_centered\cp_centered.prt
LoadPortals: couldn't read d:\projects\maps\tf2-maps\cp_centered\cp_centered.prt



[Reading texlights from 'lights.rad']
[56 texlights parsed from 'lights.rad']

Loading d:\projects\maps\tf2-maps\cp_centered\cp_centered.bsp
No vis information, direct lighting only.
1457 faces
1724505 square feet [248328848.00 square inches]
0 Displacements
0 Square Feet [0.00 Square Inches]
7 direct lights
0...1...2...3...4...5...6...7...8...9...10Build Patch/Sample Hash Table(s).....Done<0.0083 sec>
0...1...2...3...4...5...6...7...8...9...10FinalLightFace Done
0 of 0 (0% of) surface lights went in leaf ambient cubes.
0...1...2...3...4...5...6...7...8...9...10Writing leaf ambient...done
Ready to Finish

Object names       Objects/Maxobjs  Memory / Maxmem  Fullness 
------------       ---------------  ---------------  -------- 
models                   1/1024           48/49152    ( 0.1%) 
brushes                106/8192         1272/98304    ( 1.3%) 
brushsides             651/65536        5208/524288   ( 1.0%) 
planes                 290/65536        5800/1310720  ( 0.4%) 
vertexes              1931/65536       23172/786432   ( 2.9%) 
nodes                  850/65536       27200/2097152  ( 1.3%) 
texinfos               134/12288        9648/884736   ( 1.1%) 
texdata                  7/2048          224/65536    ( 0.3%) 
dispinfos                0/0               0/0        ( 0.0%) 
disp_verts               0/0               0/0        ( 0.0%) 
disp_tris                0/0               0/0        ( 0.0%) 
disp_lmsamples           0/0               0/0        ( 0.0%) 
faces                 1457/65536       81592/3670016  ( 2.2%) 
hdr faces                0/65536           0/3670016  ( 0.0%) 
origfaces              392/65536       21952/3670016  ( 0.6%) 
leaves                 852/65536       27264/2097152  ( 1.3%) 
leaffaces             1789/65536        3578/131072   ( 2.7%) 
leafbrushes            365/65536         730/131072   ( 0.6%) 
areas                    2/256            16/2048     ( 0.8%) 
surfedges             8246/512000      32984/2048000  ( 1.6%) 
edges                 4391/256000      17564/1024000  ( 1.7%) 
LDR worldlights          7/8192          616/720896   ( 0.1%) 
HDR worldlights          0/8192            0/720896   ( 0.0%) 
leafwaterdata            0/32768           0/393216   ( 0.0%) 
waterstrips             84/32768         840/327680   ( 0.3%) 
waterverts               0/65536           0/786432   ( 0.0%) 
waterindices          1134/65536        2268/131072   ( 1.7%) 
cubemapsamples           0/1024            0/16384    ( 0.0%) 
overlays                 0/512             0/180224   ( 0.0%) 
LDR lightdata         [variable]     3756328/0        ( 0.0%) 
HDR lightdata         [variable]           0/0        ( 0.0%) 
visdata               [variable]           0/16777216 ( 0.0%) 
entdata               [variable]        4743/393216   ( 1.2%) 
LDR ambient table      852/65536        3408/262144   ( 1.3%) 
HDR ambient table      852/65536        3408/262144   ( 1.3%) 
LDR leaf ambient      3080/65536       86240/1835008  ( 4.7%) 
HDR leaf ambient       852/65536       23856/1835008  ( 1.3%) 
occluders                0/0               0/0        ( 0.0%) 
occluder polygons        0/0               0/0        ( 0.0%) 
occluder vert ind        0/0               0/0        ( 0.0%) 
detail props          [variable]           1/12       ( 8.3%) 
static props          [variable]           1/12       ( 8.3%) 
pakfile               [variable]          54/0        ( 0.0%) 
physics               [variable]       37544/4194304  ( 0.9%) 
physics terrain       [variable]           2/1048576  ( 0.0%) 

Level flags = 0

Total triangle count: 3782
Writing d:\projects\maps\tf2-maps\cp_centered\cp_centered.bsp
ZIP Output overshot buffer estimate: Estimated 0, actual 54
6 seconds elapsed



materialPath: C:\Steam\steamapps\common\Team Fortress 2\tf\materials
Loading D:\Projects\maps\TF2-Maps\cp_centered\cp_centered.vmf
fixing up env_cubemap materials on brush sides...
0...1...2...3...4...5...6...7...8...9...10**** leaked ****
Entity prop_static (3200.00 784.00 335.25) leaked!

FindPortalSide: Couldn't find a good match for which brush to assign to a portal near (3072.0 3584.0 1112.0)
Leaf 0 contents: CONTENTS_SOLID 
Leaf 1 contents: 
viscontents (node 0 contents ^ node 1 contents): CONTENTS_SOLID 
This means that none of the brushes in leaf 0 or 1 that touches the portal has CONTENTS_SOLID 
Check for a huge brush enclosing the coordinates above that has contents CONTENTS_SOLID 
Candidate brush IDs: 


FindPortalSide: Couldn't find a good match for which brush to assign to a portal near (3584.0 4096.0 1112.0)
Leaf 0 contents: 
Leaf 1 contents: CONTENTS_SOLID 
viscontents (node 0 contents ^ node 1 contents): CONTENTS_SOLID 
This means that none of the brushes in leaf 0 or 1 that touches the portal has CONTENTS_SOLID 
Check for a huge brush enclosing the coordinates above that has contents CONTENTS_SOLID 
Candidate brush IDs: 


FindPortalSide: Couldn't find a good match for which brush to assign to a portal near (4096.0 3584.0 1112.0)
Leaf 0 contents: 
Leaf 1 contents: CONTENTS_SOLID 
viscontents (node 0 contents ^ node 1 contents): CONTENTS_SOLID 
This means that none of the brushes in leaf 0 or 1 that touches the portal has CONTENTS_SOLID 
Check for a huge brush enclosing the coordinates above that has contents CONTENTS_SOLID 
Candidate brush IDs: 


FindPortalSide: Couldn't find a good match for which brush to assign to a portal near (3072.0 2560.0 1112.0)
Leaf 0 contents: CONTENTS_SOLID 
Leaf 1 contents: 
viscontents (node 0 contents ^ node 1 contents): CONTENTS_SOLID 
This means that none of the brushes in leaf 0 or 1 that touches the portal has CONTENTS_SOLID 
Check for a huge brush enclosing the coordinates above that has contents CONTENTS_SOLID 
Candidate brush IDs: 


FindPortalSide: Couldn't find a good match for which brush to assign to a portal near (3072.0 2560.0 -408.0)
Leaf 0 contents: CONTENTS_SOLID 
Leaf 1 contents: 
viscontents (node 0 contents ^ node 1 contents): CONTENTS_SOLID 
This means that none of the brushes in leaf 0 or 1 that touches the portal has CONTENTS_SOLID 
Check for a huge brush enclosing the coordinates above that has contents CONTENTS_SOLID 
Candidate brush IDs: 


FindPortalSide: Couldn't find a good match for which brush to assign to a portal near (3072.0 2560.0 2632.0)
Leaf 0 contents: CONTENTS_SOLID 
Leaf 1 contents: 
viscontents (node 0 contents ^ node 1 contents): CONTENTS_SOLID 
This means that none of the brushes in leaf 0 or 1 that touches the portal has CONTENTS_SOLID 
Check for a huge brush enclosing the coordinates above that has contents CONTENTS_SOLID 
Candidate brush IDs: 


FindPortalSide: Couldn't find a good match for which brush to assign to a portal near (4096.0 2560.0 1112.0)
Leaf 0 contents: 
Leaf 1 contents: CONTENTS_SOLID 
viscontents (node 0 contents ^ node 1 contents): CONTENTS_SOLID 
This means that none of the brushes in leaf 0 or 1 that touches the portal has CONTENTS_SOLID 
Check for a huge brush enclosing the coordinates above that has contents CONTENTS_SOLID 
Candidate brush IDs: 


FindPortalSide: Couldn't find a good match for which brush to assign to a portal near (3296.0 1024.0 1112.0)
Leaf 0 contents: CONTENTS_SOLID 
Leaf 1 contents: 
viscontents (node 0 contents ^ node 1 contents): CONTENTS_SOLID 
This means that none of the brushes in leaf 0 or 1 that touches the portal has CONTENTS_SOLID 
Check for a huge brush enclosing the coordinates above that has contents CONTENTS_SOLID 
Candidate brush IDs: 

*** Suppressing further FindPortalSide errors.... ***
Processing areas...done (0)
Building Faces...done (0)
Chop Details...done (0)
Find Visible Detail Sides...done (0)
Merging details...done (0)
FixTjuncs...
PruneNodes...
WriteBSP...
done (0)
*** Error: Skybox vtf files for skybox/sky_tf2_04 weren't compiled with the same size texture and/or same flags!
Can't load skybox file skybox/sky_tf2_04 to build the default cubemap!
*** Error: Skybox vtf files for skybox/sky_tf2_04 weren't compiled with the same size texture and/or same flags!
Can't load skybox file skybox/sky_tf2_04 to build the default cubemap!
Finding displacement neighbors...
Finding lightmap sample positions...
Displacement Alpha : 0...1...2...3...4...5...6...7...8...9...10
Building Physics collision data...
done (0) (38308 bytes)
Static prop models/props_gameplay/security_fence_light01.mdl outside the map (3584.00, 480.00, 480.25)
Static prop models/props_soho/lightpole001.mdl outside the map (3280.00, 480.00, 192.25)
Static prop models/props_soho/lightpole002_glass.mdl outside the map (3360.00, 480.00, 192.25)
Static prop models/props_soho/lightpole001b.mdl outside the map (3088.00, 480.00, 240.25)
Static prop models/props_soho/lightpole003.mdl outside the map (3120.00, 480.00, 240.25)
Static prop models/props_farm/lamp002.mdl outside the map (3232.00, 480.00, 240.25)
Static prop models/props_mvm/mvm_museum_light.mdl outside the map (3232.00, 704.00, 384.25)
Static prop models/props_lights/light_cone_farm_32.mdl outside the map (3200.00, 720.00, 365.25)
Static prop models/props_lights/light_cone_farm.mdl outside the map (3200.00, 784.00, 335.25)
Placing detail props : 0...1...2...3...4...5...6...7...8...9...10
Compacting texture/material tables...
Reduced 189 texinfos to 142
Reduced 8 texdatas to 8 (193 bytes to 193)
Writing D:\Projects\maps\TF2-Maps\cp_centered\cp_centered.bsp
MSG_FILEWRITE - Filesystem was asked to write to 'D:\Projects\maps\TF2-Maps\cp_centered\cp_centered.bsp', but we don't own that location. Allowing.
ZIP Output overshot buffer estimate: Estimated 0, actual 54
1 second elapsed



16 threads
reading d:\projects\maps\tf2-maps\cp_centered\cp_centered.bsp
reading d:\projects\maps\tf2-maps\cp_centered\cp_centered.prt
LoadPortals: couldn't read d:\projects\maps\tf2-maps\cp_centered\cp_centered.prt



[Reading texlights from 'lights.rad']
[56 texlights parsed from 'lights.rad']

Loading d:\projects\maps\tf2-maps\cp_centered\cp_centered.bsp
No vis information, direct lighting only.
1514 faces
1818794 square feet [261906432.00 square inches]
0 Displacements
0 Square Feet [0.00 Square Inches]
18 direct lights
0...1...2...3...4...5...6...7...8...9...10Build Patch/Sample Hash Table(s).....Done<0.0092 sec>
0...1...2...3...4...5...6...7...8...9...10FinalLightFace Done
0 of 0 (0% of) surface lights went in leaf ambient cubes.
0...1...2...3...4...5...6...7...8...9...10Writing leaf ambient...done
Ready to Finish

Object names       Objects/Maxobjs  Memory / Maxmem  Fullness 
------------       ---------------  ---------------  -------- 
models                   1/1024           48/49152    ( 0.1%) 
brushes                107/8192         1284/98304    ( 1.3%) 
brushsides             657/65536        5256/524288   ( 1.0%) 
planes                 310/65536        6200/1310720  ( 0.5%) 
vertexes              1983/65536       23796/786432   ( 3.0%) 
nodes                  896/65536       28672/2097152  ( 1.4%) 
texinfos               142/12288       10224/884736   ( 1.2%) 
texdata                  8/2048          256/65536    ( 0.4%) 
dispinfos                0/0               0/0        ( 0.0%) 
disp_verts               0/0               0/0        ( 0.0%) 
disp_tris                0/0               0/0        ( 0.0%) 
disp_lmsamples           0/0               0/0        ( 0.0%) 
faces                 1514/65536       84784/3670016  ( 2.3%) 
hdr faces                0/65536           0/3670016  ( 0.0%) 
origfaces              416/65536       23296/3670016  ( 0.6%) 
leaves                 898/65536       28736/2097152  ( 1.4%) 
leaffaces             1838/65536        3676/131072   ( 2.8%) 
leafbrushes            426/65536         852/131072   ( 0.7%) 
areas                    2/256            16/2048     ( 0.8%) 
surfedges             8602/512000      34408/2048000  ( 1.7%) 
edges                 4552/256000      18208/1024000  ( 1.8%) 
LDR worldlights         18/8192         1584/720896   ( 0.2%) 
HDR worldlights          0/8192            0/720896   ( 0.0%) 
leafwaterdata            0/32768           0/393216   ( 0.0%) 
waterstrips             92/32768         920/327680   ( 0.3%) 
waterverts               0/65536           0/786432   ( 0.0%) 
waterindices          1230/65536        2460/131072   ( 1.9%) 
cubemapsamples           0/1024            0/16384    ( 0.0%) 
overlays                 0/512             0/180224   ( 0.0%) 
LDR lightdata         [variable]     3888408/0        ( 0.0%) 
HDR lightdata         [variable]           0/0        ( 0.0%) 
visdata               [variable]           0/16777216 ( 0.0%) 
entdata               [variable]        6472/393216   ( 1.6%) 
LDR ambient table      898/65536        3592/262144   ( 1.4%) 
HDR ambient table      898/65536        3592/262144   ( 1.4%) 
LDR leaf ambient      3678/65536      102984/1835008  ( 5.6%) 
HDR leaf ambient       898/65536       25144/1835008  ( 1.4%) 
occluders                0/0               0/0        ( 0.0%) 
occluder polygons        0/0               0/0        ( 0.0%) 
occluder vert ind        0/0               0/0        ( 0.0%) 
detail props          [variable]           1/12       ( 8.3%) 
static props          [variable]           1/1780     ( 0.1%) 
pakfile               [variable]          54/0        ( 0.0%) 
physics               [variable]       38308/4194304  ( 0.9%) 
physics terrain       [variable]           2/1048576  ( 0.0%) 

Level flags = 0

Total triangle count: 3928
Writing d:\projects\maps\tf2-maps\cp_centered\cp_centered.bsp
ZIP Output overshot buffer estimate: Estimated 0, actual 54
4 seconds elapsed



materialPath: C:\Steam\steamapps\common\Team Fortress 2\tf\materials
Loading D:\Projects\maps\TF2-Maps\cp_centered\cp_centered.vmf
fixing up env_cubemap materials on brush sides...
0...1...2...3...4...5...6...7...8...9...10**** leaked ****
Entity prop_static (3200.00 784.00 335.25) leaked!

FindPortalSide: Couldn't find a good match for which brush to assign to a portal near (3072.0 3584.0 1112.0)
Leaf 0 contents: CONTENTS_SOLID 
Leaf 1 contents: 
viscontents (node 0 contents ^ node 1 contents): CONTENTS_SOLID 
This means that none of the brushes in leaf 0 or 1 that touches the portal has CONTENTS_SOLID 
Check for a huge brush enclosing the coordinates above that has contents CONTENTS_SOLID 
Candidate brush IDs: 


FindPortalSide: Couldn't find a good match for which brush to assign to a portal near (3584.0 4096.0 1112.0)
Leaf 0 contents: 
Leaf 1 contents: CONTENTS_SOLID 
viscontents (node 0 contents ^ node 1 contents): CONTENTS_SOLID 
This means that none of the brushes in leaf 0 or 1 that touches the portal has CONTENTS_SOLID 
Check for a huge brush enclosing the coordinates above that has contents CONTENTS_SOLID 
Candidate brush IDs: 


FindPortalSide: Couldn't find a good match for which brush to assign to a portal near (4096.0 3584.0 1112.0)
Leaf 0 contents: 
Leaf 1 contents: CONTENTS_SOLID 
viscontents (node 0 contents ^ node 1 contents): CONTENTS_SOLID 
This means that none of the brushes in leaf 0 or 1 that touches the portal has CONTENTS_SOLID 
Check for a huge brush enclosing the coordinates above that has contents CONTENTS_SOLID 
Candidate brush IDs: 


FindPortalSide: Couldn't find a good match for which brush to assign to a portal near (3072.0 2560.0 1112.0)
Leaf 0 contents: CONTENTS_SOLID 
Leaf 1 contents: 
viscontents (node 0 contents ^ node 1 contents): CONTENTS_SOLID 
This means that none of the brushes in leaf 0 or 1 that touches the portal has CONTENTS_SOLID 
Check for a huge brush enclosing the coordinates above that has contents CONTENTS_SOLID 
Candidate brush IDs: 


FindPortalSide: Couldn't find a good match for which brush to assign to a portal near (3072.0 2560.0 -408.0)
Leaf 0 contents: CONTENTS_SOLID 
Leaf 1 contents: 
viscontents (node 0 contents ^ node 1 contents): CONTENTS_SOLID 
This means that none of the brushes in leaf 0 or 1 that touches the portal has CONTENTS_SOLID 
Check for a huge brush enclosing the coordinates above that has contents CONTENTS_SOLID 
Candidate brush IDs: 


FindPortalSide: Couldn't find a good match for which brush to assign to a portal near (3072.0 2560.0 2632.0)
Leaf 0 contents: CONTENTS_SOLID 
Leaf 1 contents: 
viscontents (node 0 contents ^ node 1 contents): CONTENTS_SOLID 
This means that none of the brushes in leaf 0 or 1 that touches the portal has CONTENTS_SOLID 
Check for a huge brush enclosing the coordinates above that has contents CONTENTS_SOLID 
Candidate brush IDs: 


FindPortalSide: Couldn't find a good match for which brush to assign to a portal near (4096.0 2560.0 1112.0)
Leaf 0 contents: 
Leaf 1 contents: CONTENTS_SOLID 
viscontents (node 0 contents ^ node 1 contents): CONTENTS_SOLID 
This means that none of the brushes in leaf 0 or 1 that touches the portal has CONTENTS_SOLID 
Check for a huge brush enclosing the coordinates above that has contents CONTENTS_SOLID 
Candidate brush IDs: 


FindPortalSide: Couldn't find a good match for which brush to assign to a portal near (3296.0 1024.0 1112.0)
Leaf 0 contents: CONTENTS_SOLID 
Leaf 1 contents: 
viscontents (node 0 contents ^ node 1 contents): CONTENTS_SOLID 
This means that none of the brushes in leaf 0 or 1 that touches the portal has CONTENTS_SOLID 
Check for a huge brush enclosing the coordinates above that has contents CONTENTS_SOLID 
Candidate brush IDs: 

*** Suppressing further FindPortalSide errors.... ***
Processing areas...done (0)
Building Faces...done (0)
Chop Details...done (0)
Find Visible Detail Sides...done (0)
Merging details...done (0)
FixTjuncs...
PruneNodes...
WriteBSP...
done (0)
*** Error: Skybox vtf files for skybox/sky_tf2_04 weren't compiled with the same size texture and/or same flags!
Can't load skybox file skybox/sky_tf2_04 to build the default cubemap!
*** Error: Skybox vtf files for skybox/sky_tf2_04 weren't compiled with the same size texture and/or same flags!
Can't load skybox file skybox/sky_tf2_04 to build the default cubemap!
Finding displacement neighbors...
Finding lightmap sample positions...
Displacement Alpha : 0...1...2...3...4...5...6...7...8...9...10
Building Physics collision data...
done (0) (55674 bytes)
Static prop models/props_gameplay/security_fence_light01.mdl outside the map (3584.00, 480.00, 480.25)
Static prop models/props_soho/lightpole001.mdl outside the map (3280.00, 480.00, 192.25)
Static prop models/props_soho/lightpole002_glass.mdl outside the map (3360.00, 480.00, 192.25)
Static prop models/props_soho/lightpole001b.mdl outside the map (3088.00, 480.00, 240.25)
Static prop models/props_soho/lightpole003.mdl outside the map (3120.00, 480.00, 240.25)
Static prop models/props_farm/lamp002.mdl outside the map (3232.00, 480.00, 240.25)
Static prop models/props_mvm/mvm_museum_light.mdl outside the map (3232.00, 704.00, 384.25)
Static prop models/props_lights/light_cone_farm_32.mdl outside the map (3200.00, 720.00, 365.25)
Static prop models/props_lights/light_cone_farm.mdl outside the map (3200.00, 784.00, 335.25)
Placing detail props : 0...1...2...3...4...5...6...7...8...9...10
Compacting texture/material tables...
Reduced 233 texinfos to 175
Reduced 11 texdatas to 11 (273 bytes to 273)
Writing D:\Projects\maps\TF2-Maps\cp_centered\cp_centered.bsp
MSG_FILEWRITE - Filesystem was asked to write to 'D:\Projects\maps\TF2-Maps\cp_centered\cp_centered.bsp', but we don't own that location. Allowing.
ZIP Output overshot buffer estimate: Estimated 0, actual 54
1 second elapsed



16 threads
reading d:\projects\maps\tf2-maps\cp_centered\cp_centered.bsp
reading d:\projects\maps\tf2-maps\cp_centered\cp_centered.prt
LoadPortals: couldn't read d:\projects\maps\tf2-maps\cp_centered\cp_centered.prt



[Reading texlights from 'lights.rad']
[56 texlights parsed from 'lights.rad']

Loading d:\projects\maps\tf2-maps\cp_centered\cp_centered.bsp
No vis information, direct lighting only.
1756 faces
1823436 square feet [262574784.00 square inches]
0 Displacements
0 Square Feet [0.00 Square Inches]
17 direct lights
0...1...2...3...4...5...6...7...8...9...10Build Patch/Sample Hash Table(s).....Done<0.0086 sec>
0...1...2...3...4...5...6...7...8...9...10FinalLightFace Done
0 of 0 (0% of) surface lights went in leaf ambient cubes.
0...1...2...3...4...5...6...7...8...9...10Writing leaf ambient...done
Ready to Finish

Object names       Objects/Maxobjs  Memory / Maxmem  Fullness 
------------       ---------------  ---------------  -------- 
models                   1/1024           48/49152    ( 0.1%) 
brushes                155/8192         1860/98304    ( 1.9%) 
brushsides             945/65536        7560/524288   ( 1.4%) 
planes                 362/65536        7240/1310720  ( 0.6%) 
vertexes              2366/65536       28392/786432   ( 3.6%) 
nodes                 1068/65536       34176/2097152  ( 1.6%) 
texinfos               175/12288       12600/884736   ( 1.4%) 
texdata                 11/2048          352/65536    ( 0.5%) 
dispinfos                0/0               0/0        ( 0.0%) 
disp_verts               0/0               0/0        ( 0.0%) 
disp_tris                0/0               0/0        ( 0.0%) 
disp_lmsamples           0/0               0/0        ( 0.0%) 
faces                 1756/65536       98336/3670016  ( 2.7%) 
hdr faces                0/65536           0/3670016  ( 0.0%) 
origfaces              546/65536       30576/3670016  ( 0.8%) 
leaves                1070/65536       34240/2097152  ( 1.6%) 
leaffaces             2092/65536        4184/131072   ( 3.2%) 
leafbrushes            614/65536        1228/131072   ( 0.9%) 
areas                    2/256            16/2048     ( 0.8%) 
surfedges            10298/512000      41192/2048000  ( 2.0%) 
edges                 5540/256000      22160/1024000  ( 2.2%) 
LDR worldlights         17/8192         1496/720896   ( 0.2%) 
HDR worldlights          0/8192            0/720896   ( 0.0%) 
leafwaterdata            0/32768           0/393216   ( 0.0%) 
waterstrips            113/32768        1130/327680   ( 0.3%) 
waterverts               0/65536           0/786432   ( 0.0%) 
waterindices          1770/65536        3540/131072   ( 2.7%) 
cubemapsamples           0/1024            0/16384    ( 0.0%) 
overlays                 0/512             0/180224   ( 0.0%) 
LDR lightdata         [variable]     3929744/0        ( 0.0%) 
HDR lightdata         [variable]           0/0        ( 0.0%) 
visdata               [variable]           0/16777216 ( 0.0%) 
entdata               [variable]        5110/393216   ( 1.3%) 
LDR ambient table     1070/65536        4280/262144   ( 1.6%) 
HDR ambient table     1070/65536        4280/262144   ( 1.6%) 
LDR leaf ambient      3699/65536      103572/1835008  ( 5.6%) 
HDR leaf ambient      1070/65536       29960/1835008  ( 1.6%) 
occluders                0/0               0/0        ( 0.0%) 
occluder polygons        0/0               0/0        ( 0.0%) 
occluder vert ind        0/0               0/0        ( 0.0%) 
detail props          [variable]           1/12       ( 8.3%) 
static props          [variable]           1/1932     ( 0.1%) 
pakfile               [variable]          54/0        ( 0.0%) 
physics               [variable]       55674/4194304  ( 1.3%) 
physics terrain       [variable]           2/1048576  ( 0.0%) 

Level flags = 0

Total triangle count: 4616
Writing d:\projects\maps\tf2-maps\cp_centered\cp_centered.bsp
ZIP Output overshot buffer estimate: Estimated 0, actual 54
5 seconds elapsed



materialPath: C:\Steam\steamapps\common\Team Fortress 2\tf\materials
Loading D:\Projects\maps\TF2-Maps\cp_centered\cp_centered.vmf
Patching WVT material: maps/cp_centered/nature/blendrockgroundwallforest004_wvt_patch
fixing up env_cubemap materials on brush sides...
0...1...2...3...4...5...6...7...8...9...10**** leaked ****
Entity prop_static (3200.00 784.00 335.25) leaked!

FindPortalSide: Couldn't find a good match for which brush to assign to a portal near (3072.0 3584.0 1112.0)
Leaf 0 contents: CONTENTS_SOLID 
Leaf 1 contents: 
viscontents (node 0 contents ^ node 1 contents): CONTENTS_SOLID 
This means that none of the brushes in leaf 0 or 1 that touches the portal has CONTENTS_SOLID 
Check for a huge brush enclosing the coordinates above that has contents CONTENTS_SOLID 
Candidate brush IDs: 


FindPortalSide: Couldn't find a good match for which brush to assign to a portal near (3584.0 4096.0 1112.0)
Leaf 0 contents: 
Leaf 1 contents: CONTENTS_SOLID 
viscontents (node 0 contents ^ node 1 contents): CONTENTS_SOLID 
This means that none of the brushes in leaf 0 or 1 that touches the portal has CONTENTS_SOLID 
Check for a huge brush enclosing the coordinates above that has contents CONTENTS_SOLID 
Candidate brush IDs: 


FindPortalSide: Couldn't find a good match for which brush to assign to a portal near (4096.0 3584.0 1112.0)
Leaf 0 contents: 
Leaf 1 contents: CONTENTS_SOLID 
viscontents (node 0 contents ^ node 1 contents): CONTENTS_SOLID 
This means that none of the brushes in leaf 0 or 1 that touches the portal has CONTENTS_SOLID 
Check for a huge brush enclosing the coordinates above that has contents CONTENTS_SOLID 
Candidate brush IDs: 


FindPortalSide: Couldn't find a good match for which brush to assign to a portal near (3072.0 2560.0 1112.0)
Leaf 0 contents: CONTENTS_SOLID 
Leaf 1 contents: 
viscontents (node 0 contents ^ node 1 contents): CONTENTS_SOLID 
This means that none of the brushes in leaf 0 or 1 that touches the portal has CONTENTS_SOLID 
Check for a huge brush enclosing the coordinates above that has contents CONTENTS_SOLID 
Candidate brush IDs: 


FindPortalSide: Couldn't find a good match for which brush to assign to a portal near (3072.0 2560.0 -408.0)
Leaf 0 contents: CONTENTS_SOLID 
Leaf 1 contents: 
viscontents (node 0 contents ^ node 1 contents): CONTENTS_SOLID 
This means that none of the brushes in leaf 0 or 1 that touches the portal has CONTENTS_SOLID 
Check for a huge brush enclosing the coordinates above that has contents CONTENTS_SOLID 
Candidate brush IDs: 


FindPortalSide: Couldn't find a good match for which brush to assign to a portal near (3072.0 2560.0 2632.0)
Leaf 0 contents: CONTENTS_SOLID 
Leaf 1 contents: 
viscontents (node 0 contents ^ node 1 contents): CONTENTS_SOLID 
This means that none of the brushes in leaf 0 or 1 that touches the portal has CONTENTS_SOLID 
Check for a huge brush enclosing the coordinates above that has contents CONTENTS_SOLID 
Candidate brush IDs: 


FindPortalSide: Couldn't find a good match for which brush to assign to a portal near (4096.0 2560.0 1112.0)
Leaf 0 contents: 
Leaf 1 contents: CONTENTS_SOLID 
viscontents (node 0 contents ^ node 1 contents): CONTENTS_SOLID 
This means that none of the brushes in leaf 0 or 1 that touches the portal has CONTENTS_SOLID 
Check for a huge brush enclosing the coordinates above that has contents CONTENTS_SOLID 
Candidate brush IDs: 


FindPortalSide: Couldn't find a good match for which brush to assign to a portal near (3296.0 1024.0 1112.0)
Leaf 0 contents: CONTENTS_SOLID 
Leaf 1 contents: 
viscontents (node 0 contents ^ node 1 contents): CONTENTS_SOLID 
This means that none of the brushes in leaf 0 or 1 that touches the portal has CONTENTS_SOLID 
Check for a huge brush enclosing the coordinates above that has contents CONTENTS_SOLID 
Candidate brush IDs: 

*** Suppressing further FindPortalSide errors.... ***
Processing areas...done (0)
Building Faces...done (0)
Chop Details...done (0)
Find Visible Detail Sides...done (0)
Merging details...done (0)
FixTjuncs...
PruneNodes...
WriteBSP...
done (0)
*** Error: Skybox vtf files for skybox/sky_tf2_04 weren't compiled with the same size texture and/or same flags!
Can't load skybox file skybox/sky_tf2_04 to build the default cubemap!
*** Error: Skybox vtf files for skybox/sky_tf2_04 weren't compiled with the same size texture and/or same flags!
Can't load skybox file skybox/sky_tf2_04 to build the default cubemap!
Finding displacement neighbors...
Finding lightmap sample positions...
Displacement Alpha : 0...1...2...3...4...5...6...7...8...9...10
Building Physics collision data...
done (0) (55685 bytes)
Static prop models/props_gameplay/security_fence_light01.mdl outside the map (3584.00, 480.00, 480.25)
Static prop models/props_soho/lightpole001.mdl outside the map (3280.00, 480.00, 192.25)
Static prop models/props_soho/lightpole002_glass.mdl outside the map (3360.00, 480.00, 192.25)
Static prop models/props_soho/lightpole001b.mdl outside the map (3088.00, 480.00, 240.25)
Static prop models/props_soho/lightpole003.mdl outside the map (3120.00, 480.00, 240.25)
Static prop models/props_farm/lamp002.mdl outside the map (3232.00, 480.00, 240.25)
Static prop models/props_mvm/mvm_museum_light.mdl outside the map (3232.00, 704.00, 384.25)
Static prop models/props_lights/light_cone_farm_32.mdl outside the map (3200.00, 720.00, 365.25)
Static prop models/props_lights/light_cone_farm.mdl outside the map (3200.00, 784.00, 335.25)
Placing detail props : 0...1...2...3...4...5...6...7...8...9...10
Compacting texture/material tables...
Reduced 247 texinfos to 184
Reduced 14 texdatas to 13 (397 bytes to 361)
Writing D:\Projects\maps\TF2-Maps\cp_centered\cp_centered.bsp
MSG_FILEWRITE - Filesystem was asked to write to 'D:\Projects\maps\TF2-Maps\cp_centered\cp_centered.bsp', but we don't own that location. Allowing.
Wrote ZIP buffer, estimated size 564, actual size 484
1 second elapsed



16 threads
reading d:\projects\maps\tf2-maps\cp_centered\cp_centered.bsp
reading d:\projects\maps\tf2-maps\cp_centered\cp_centered.prt
LoadPortals: couldn't read d:\projects\maps\tf2-maps\cp_centered\cp_centered.prt



[Reading texlights from 'lights.rad']
[56 texlights parsed from 'lights.rad']

Loading d:\projects\maps\tf2-maps\cp_centered\cp_centered.bsp
No vis information, direct lighting only.
1760 faces
1823573 square feet [262594624.00 square inches]
0 Displacements
0 Square Feet [0.00 Square Inches]
17 direct lights
0...1...2...3...4...5...6...7...8...9...10Build Patch/Sample Hash Table(s).....Done<0.0087 sec>
0...1...2...3...4...5...6...7...8...9...10FinalLightFace Done
0 of 0 (0% of) surface lights went in leaf ambient cubes.
0...1...2...3...4...5...6...7...8...9...10Writing leaf ambient...done
Ready to Finish

Object names       Objects/Maxobjs  Memory / Maxmem  Fullness 
------------       ---------------  ---------------  -------- 
models                   1/1024           48/49152    ( 0.1%) 
brushes                155/8192         1860/98304    ( 1.9%) 
brushsides             945/65536        7560/524288   ( 1.4%) 
planes                 364/65536        7280/1310720  ( 0.6%) 
vertexes              2371/65536       28452/786432   ( 3.6%) 
nodes                 1070/65536       34240/2097152  ( 1.6%) 
texinfos               184/12288       13248/884736   ( 1.5%) 
texdata                 13/2048          416/65536    ( 0.6%) 
dispinfos                0/0               0/0        ( 0.0%) 
disp_verts               0/0               0/0        ( 0.0%) 
disp_tris                0/0               0/0        ( 0.0%) 
disp_lmsamples           0/0               0/0        ( 0.0%) 
faces                 1760/65536       98560/3670016  ( 2.7%) 
hdr faces                0/65536           0/3670016  ( 0.0%) 
origfaces              546/65536       30576/3670016  ( 0.8%) 
leaves                1072/65536       34304/2097152  ( 1.6%) 
leaffaces             2102/65536        4204/131072   ( 3.2%) 
leafbrushes            614/65536        1228/131072   ( 0.9%) 
areas                    2/256            16/2048     ( 0.8%) 
surfedges            10312/512000      41248/2048000  ( 2.0%) 
edges                 5547/256000      22188/1024000  ( 2.2%) 
LDR worldlights         17/8192         1496/720896   ( 0.2%) 
HDR worldlights          0/8192            0/720896   ( 0.0%) 
leafwaterdata            0/32768           0/393216   ( 0.0%) 
waterstrips            110/32768        1100/327680   ( 0.3%) 
waterverts               0/65536           0/786432   ( 0.0%) 
waterindices          1710/65536        3420/131072   ( 2.6%) 
cubemapsamples           0/1024            0/16384    ( 0.0%) 
overlays                 0/512             0/180224   ( 0.0%) 
LDR lightdata         [variable]     2986028/0        ( 0.0%) 
HDR lightdata         [variable]           0/0        ( 0.0%) 
visdata               [variable]           0/16777216 ( 0.0%) 
entdata               [variable]        5110/393216   ( 1.3%) 
LDR ambient table     1072/65536        4288/262144   ( 1.6%) 
HDR ambient table     1072/65536        4288/262144   ( 1.6%) 
LDR leaf ambient      3751/65536      105028/1835008  ( 5.7%) 
HDR leaf ambient      1072/65536       30016/1835008  ( 1.6%) 
occluders                0/0               0/0        ( 0.0%) 
occluder polygons        0/0               0/0        ( 0.0%) 
occluder vert ind        0/0               0/0        ( 0.0%) 
detail props          [variable]           1/12       ( 8.3%) 
static props          [variable]           1/1932     ( 0.1%) 
pakfile               [variable]         484/0        ( 0.0%) 
physics               [variable]       55685/4194304  ( 1.3%) 
physics terrain       [variable]           2/1048576  ( 0.0%) 

Level flags = 0

Total triangle count: 4622
Writing d:\projects\maps\tf2-maps\cp_centered\cp_centered.bsp
5 seconds elapsed
